<?xml version="1.0" encoding="UTF-8"?>
<!-- Generated by org.testng.reporters.JUnitReportReporter -->
<testsuite name="TestRunner" tests="1" time="124.090" ignored="0" failures="0" timestamp="20 Jun 2019 16:25:27 GMT" skipped="0" hostname="wale-pc" errors="0">
  <testcase name="feature" time="124.090" classname="TestRunner"/>
</testsuite> <!-- TestRunner -->
